android/app/build/outputs/mapping/release/seeds.txt
com.dexmobile.app.MainActivity
com.dexmobile.app.MainActivity: MainActivity()
...
com.getcapacitor.Plugin: java.util.Map getPermissionStates()
androidx.core.os.BundleApi21ImplKt: void putSizeF(android.os.Bundle,java.lang.String,android.util.SizeF)
androidx.vectordrawable.graphics.drawable.VectorDrawableCompat$VFullPath: float getTrimPathOffset()
com.getcapacitor.PluginHandle: PluginHandle(java.lang.Class,com.getcapacitor.Bridge)
androidx.appcompat.view.menu.ActionMenuItemView: void setExpandedFormat(boolean)
com.getcapacitor.WebViewLocalServer: WebViewLocalServer(android.content.Context,com.getcapacitor.Bridge,com.getcapacitor.JSInjector,java.util.ArrayList,boolean)
com.google.android.material.textfield.TextInputLayout: void setEndIconDrawable(int)
com.getcapacitor.cordova.MockCordovaWebViewImpl: void clearCache()
com.getcapacitor.FileUtils: java.lang.String getCopyFilePath(android.net.Uri,android.content.Context)
com.getcapacitor.WebViewLocalServer$LazyInputStream: long skip(long)
com.getcapacitor.plugin.CapacitorCookieManager: void setCookie(java.lang.String,java.lang.String)
com.getcapacitor.CapConfig: void deserializeConfig(android.content.Context)
com.getcapacitor.plugin.CapacitorHttp: void load()
androidx.appcompat.app.AppCompatActivity: android.view.View findViewById(int)
com.capacitorjs.community.plugins.bluetoothle.DeviceScanner: void showDeviceList$lambda$4$lambda$1(com.capacitorjs.community.plugins.bluetoothle.DeviceScanner,android.content.DialogInterface,int)
com.capacitorjs.community.plugins.bluetoothle.CallbackResponse: java.lang.String getValue()
com.getcapacitor.Bridge: void onDetachedFromWindow()
com.getcapacitor.Bridge: void triggerJSEvent(java.lang.String,java.lang.String)
com.google.android.material.button.MaterialButton: int getTextLayoutWidth()
androidx.appcompat.widget.MenuPopupWindow$MenuDropDownListView: void setHoverListener(androidx.appcompat.widget.MenuItemHoverListener)
androidx.core.view.ViewCompat$Api29Impl: void setSystemGestureExclusionRects(android.view.View,java.util.List)
kotlin.NoWhenBranchMatchedException: NoWhenBranchMatchedException()
androidx.appcompat.widget.AppCompatEditText: android.content.res.ColorStateList getSupportBackgroundTintList()
com.getcapacitor.App: void fireStatusChange(boolean)
androidx.appcompat.widget.AppCompatRadioButton: android.graphics.PorterDuff$Mode getSupportBackgroundTintMode()
androidx.appcompat.widget.AppCompatSpinner: void setDropDownWidth(int)
androidx.fragment.app.FragmentActivity: void startActivityFromFragment(androidx.fragment.app.Fragment,android.content.Intent,int)
androidx.core.graphics.drawable.IconCompat$Api26Impl: android.graphics.drawable.Icon createWithAdaptiveBitmap(android.graphics.Bitmap)
com.getcapacitor.Logger: void error(java.lang.String,java.lang.Throwable)
com.google.android.material.chip.Chip: void setChipIconSize(float)
androidx.fragment.app.Fragment: void startPostponedEnterTransition()
com.getcapacitor.Logger: void init(com.getcapacitor.CapConfig)
androidx.constraintlayout.helper.widget.Flow: void setWrapMode(int)
androidx.core.view.WindowInsetsCompat$Impl: void copyRootViewBounds(android.view.View)
androidx.appcompat.widget.ActionBarContextView: java.lang.CharSequence getSubtitle()
androidx.core.view.ViewParentCompat$Api21Impl: void onNestedScroll(android.view.ViewParent,android.view.View,int,int,int,int)
androidx.coordinatorlayout.widget.CoordinatorLayout: void setFitsSystemWindows(boolean)
androidx.coordinatorlayout.widget.CoordinatorLayout: int getSuggestedMinimumWidth()
androidx.core.view.WindowInsetsCompat$Impl: androidx.core.graphics.Insets getStableInsets()
org.apache.cordova.CordovaWebViewImpl$EngineClient: void onPageStarted(java.lang.String)
org.chromium.support_lib_boundary.WebViewProviderBoundaryInterface: java.lang.reflect.InvocationHandler getWebViewRenderer()
org.chromium.support_lib_boundary.WebkitToCompatConverterBoundaryInterface: java.lang.reflect.InvocationHandler convertWebMessagePort(java.lang.Object)