android/app/build/outputs/mapping/release/usage.txt
com.dexmobile.app.R$color
com.dexmobile.app.R$drawable
com.dexmobile.app.R$layout
com.dexmobile.app.R$mipmap
com.dexmobile.app.R$string
com.dexmobile.app.R$style
com.dexmobile.app.R$xml
com.dexmobile.app.R
...
com.google.android.material.color.utilities.Score
com.google.android.material.color.utilities.TemperatureCache
com.google.android.material.color.utilities.TonalPalette
com.google.android.material.color.utilities.ToneDeltaPair
com.google.android.material.color.utilities.TonePolarity
com.google.android.material.color.utilities.Variant
com.google.android.material.color.utilities.ViewingConditions
com.google.android.material.datepicker.CalendarConstraints$Builder:
    private static final java.lang.String DEEP_COPY_VALIDATOR_KEY
    public void <init>()
    public com.google.android.material.datepicker.CalendarConstraints$Builder setEnd(long)
    public com.google.android.material.datepicker.CalendarConstraints$Builder setFirstDayOfWeek(int)
    public com.google.android.material.datepicker.CalendarConstraints$Builder setStart(long)
    public com.google.android.material.datepicker.CalendarConstraints$Builder setValidator(com.google.android.material.datepicker.CalendarConstraints$DateValidator)
com.google.android.material.datepicker.CalendarConstraints:
    public long getEndMs()
    public java.lang.Long getOpenAtMs()
    public long getStartMs()
    void setOpenAt(com.google.android.material.datepicker.Month)
com.google.android.material.datepicker.CalendarItemStyle:
    int getLeftInset()
    int getRightInset()
com.google.android.material.datepicker.CompositeDateValidator:
    private static final int COMPARATOR_ALL_ID
    private static final int COMPARATOR_ANY_ID
    public static com.google.android.material.datepicker.CalendarConstraints$DateValidator allOf(java.util.List)
    public static com.google.android.material.datepicker.CalendarConstraints$DateValidator anyOf(java.util.List)
com.google.android.material.datepicker.DateSelector:
    public abstract int getDefaultTitleResId()
    public abstract java.lang.String getError()
    public abstract void setSelection(java.lang.Object)
    public abstract void setTextInputFormat(java.text.SimpleDateFormat)
com.google.android.material.datepicker.DateStrings:
    private void <init>()
com.google.android.material.datepicker.DateValidatorPointBackward:
    public static com.google.android.material.datepicker.DateValidatorPointBackward before(long)
    public static com.google.android.material.datepicker.DateValidatorPointBackward now()
com.google.android.material.datepicker.DateValidatorPointForward:
    public static com.google.android.material.datepicker.DateValidatorPointForward now()
com.google.android.material.datepicker.DayViewDecorator:
    public void <init>()
com.google.android.material.datepicker.DaysOfWeekAdapter:
    private static final int NARROW_FORMAT
com.google.android.material.datepicker.MaterialCalendar:
    private static final java.lang.String CALENDAR_CONSTRAINTS_KEY
    private static final java.lang.String CURRENT_MONTH_KEY
    private static final java.lang.String DAY_VIEW_DECORATOR_KEY
    private static final java.lang.String GRID_SELECTOR_KEY
    private static final int SMOOTH_SCROLL_MAX
    private static final java.lang.String THEME_RES_ID_KEY
    public static com.google.android.material.datepicker.MaterialCalendar newInstance(com.google.android.material.datepicker.DateSelector,int,com.google.android.material.datepicker.CalendarConstraints)
com.google.android.material.datepicker.MaterialCalendarGridView:
    public void <init>(android.content.Context)
com.google.android.material.datepicker.MaterialDatePicker$Builder
com.google.android.material.datepicker.MaterialDatePicker$InputMode